<?xml version="1.0" encoding="UTF-8"?>
<!-- Generated by org.testng.reporters.JUnitReportReporter -->
<testsuite hostname="DESKTOP-2206U1P" failures="0" tests="1" name="Basic.SumValidation" time="2.584" errors="0" timestamp="2025-06-23T15:46:58 IST" skipped="0">
  <testcase classname="Basic.SumValidation" name="sumOfCourses" time="2.584"/>
</testsuite> <!-- Basic.SumValidation -->
