<?xml version="1.0" encoding="UTF-8"?>
<!-- Generated by org.testng.reporters.JUnitReportReporter -->
<testsuite hostname="DESKTOP-2206U1P" failures="0" tests="6" name="Basic.DynamicJson" time="4.997" errors="0" timestamp="2025-06-23T20:36:56 IST" skipped="0">
  <testcase classname="Basic.DynamicJson" name="deleteBook" time="0.137"/>
  <testcase classname="Basic.DynamicJson" name="addBook" time="4.201"/>
  <testcase classname="Basic.DynamicJson" name="deleteBook" time="0.138"/>
  <testcase classname="Basic.DynamicJson" name="addBook" time="0.207"/>
  <testcase classname="Basic.DynamicJson" name="deleteBook" time="0.164"/>
  <testcase classname="Basic.DynamicJson" name="addBook" time="0.150"/>
</testsuite> <!-- Basic.DynamicJson -->
